<?xml version="1.0" encoding="UTF-8"?>
<testng-results ignored="0" total="2" passed="2" failed="0" skipped="0">
  <reporter-output>
  </reporter-output>
  <suite started-at="2025-01-05T22:40:18 IST" name="Master" finished-at="2025-01-05T22:40:29 IST" duration-ms="11524">
    <groups>
    </groups>
    <test started-at="2025-01-05T22:40:18 IST" name="Test" finished-at="2025-01-05T22:40:29 IST" duration-ms="11524">
      <class name="TestCases.TC001_UserRegistration">
        <test-method is-config="true" signature="setup()[pri:0, instance:TestCases.TC001_UserRegistration@6b5966e1]" started-at="2025-01-05T22:40:24 IST" name="setup" finished-at="2025-01-05T22:40:27 IST" duration-ms="3370" status="PASS">
          <reporter-output>
          </reporter-output>
        </test-method> <!-- setup -->
        <test-method signature="TesRegisteration()[pri:0, instance:TestCases.TC001_UserRegistration@6b5966e1]" started-at="2025-01-05T22:40:27 IST" name="TesRegisteration" finished-at="2025-01-05T22:40:29 IST" duration-ms="2183" status="PASS">
          <reporter-output>
          </reporter-output>
        </test-method> <!-- TesRegisteration -->
        <test-method is-config="true" signature="teardown()[pri:0, instance:TestCases.TC001_UserRegistration@6b5966e1]" started-at="2025-01-05T22:40:29 IST" name="teardown" finished-at="2025-01-05T22:40:29 IST" duration-ms="152" status="PASS">
          <reporter-output>
          </reporter-output>
        </test-method> <!-- teardown -->
      </class> <!-- TestCases.TC001_UserRegistration -->
      <class name="TestCases.TC002_Login">
        <test-method is-config="true" signature="setup()[pri:0, instance:TestCases.TC002_Login@27a5328c]" started-at="2025-01-05T22:40:18 IST" name="setup" finished-at="2025-01-05T22:40:21 IST" duration-ms="3505" status="PASS">
          <reporter-output>
          </reporter-output>
        </test-method> <!-- setup -->
        <test-method signature="TestLogin()[pri:0, instance:TestCases.TC002_Login@27a5328c]" started-at="2025-01-05T22:40:21 IST" name="TestLogin" finished-at="2025-01-05T22:40:23 IST" duration-ms="1899" status="PASS">
          <reporter-output>
          </reporter-output>
        </test-method> <!-- TestLogin -->
        <test-method is-config="true" signature="teardown()[pri:0, instance:TestCases.TC002_Login@27a5328c]" started-at="2025-01-05T22:40:23 IST" name="teardown" finished-at="2025-01-05T22:40:24 IST" duration-ms="217" status="PASS">
          <reporter-output>
          </reporter-output>
        </test-method> <!-- teardown -->
      </class> <!-- TestCases.TC002_Login -->
    </test> <!-- Test -->
  </suite> <!-- Master -->
</testng-results>
